PROJECT Paht:F:\myProject\old\tms\tms-core 
--------package for -------- 
[INFO] Scanning for projects...
[WARNING] 
[WARNING] Some problems were encountered while building the effective model for com.tms:tms-core:war:0.0.1
[WARNING] 'dependencies.dependency.(groupId:artifactId:type:classifier)' must be unique: junit:junit:jar -> version 4.10 vs ${junit.version} @ com.tms:tms:0.0.1, F:\myProject\old\tms\pom.xml, line 218, column 21
[WARNING] 
[WARNING] It is highly recommended to fix these problems because they threaten the stability of your build.
[WARNING] 
[WARNING] For this reason, future Maven versions might no longer support building such malformed projects.
[WARNING] 
[INFO] 
[INFO] --------------------------< com.tms:tms-core >--------------------------
[INFO] Building tms-core 0.0.1
[INFO] --------------------------------[ war ]---------------------------------
[WARNING] The POM for com.rsos:rsos-common:jar:0.0.1 is missing, no dependency information available
[WARNING] The POM for com.rsos:rsos-api:jar:0.0.1 is missing, no dependency information available
[WARNING] The POM for org.jboss.logging:jboss-logging:jar:3.1.1.GA is invalid, transitive dependencies (if any) will not be available, enable debug logging for more details
Downloading from central: https://repo.maven.apache.org/maven2/org/dom4j/dom4j/1.6.1/dom4j-1.6.1.pom
[WARNING] The POM for org.dom4j:dom4j:jar:1.6.1 is missing, no dependency information available
Downloading from central: https://repo.maven.apache.org/maven2/org/dom4j/dom4j/1.6.1/dom4j-1.6.1.jar
[INFO] ------------------------------------------------------------------------
[INFO] BUILD FAILURE
[INFO] ------------------------------------------------------------------------
[INFO] Total time: 3.694 s
[INFO] Finished at: 2018-08-12T10:15:12+08:00
[INFO] ------------------------------------------------------------------------
[ERROR] Failed to execute goal on project tms-core: Could not resolve dependencies for project com.tms:tms-core:war:0.0.1: The following artifacts could not be resolved: com.rsos:rsos-common:jar:0.0.1, com.rsos:rsos-api:jar:0.0.1, org.dom4j:dom4j:jar:1.6.1: Failure to find com.rsos:rsos-common:jar:0.0.1 in https://repo.maven.apache.org/maven2 was cached in the local repository, resolution will not be reattempted until the update interval of central has elapsed or updates are forced -> [Help 1]
[ERROR] 
[ERROR] To see the full stack trace of the errors, re-run Maven with the -e switch.
[ERROR] Re-run Maven using the -X switch to enable full debug logging.
[ERROR] 
[ERROR] For more information about the errors and possible solutions, please read the following articles:
[ERROR] [Help 1] http://cwiki.apache.org/confluence/display/MAVEN/DependencyResolutionException
