PROJECT Paht:D:\hxshop\trunk\家品会2.1管理\10_SRC\tms\tms-manager 
--------package for -------- 
[WARNING] 
[WARNING] Some problems were encountered while building the effective settings
[WARNING] expected START_TAG or END_TAG not TEXT (position: TEXT seen ...n will use to store artifacts.\n\t|\n\t| Default: ~/.m2/repository\n\t<l... @33:4)  @ D:\eclipse\maven3\bin\..\conf\settings.xml, line 33, column 4
[WARNING] 
[INFO] Scanning for projects...
[WARNING] 
[WARNING] Some problems were encountered while building the effective model for com.tms:tms-manager:jar:0.0.1
[WARNING] 'dependencies.dependency.(groupId:artifactId:type:classifier)' must be unique: junit:junit:jar -> version 4.10 vs ${junit.version} @ com.tms:tms:0.0.1, D:\hxshop\trunk\家品会2.1管理\10_SRC\tms\pom.xml, line 218, column 21
[WARNING] 'build.plugins.plugin.version' for org.apache.maven.plugins:maven-jar-plugin is missing. @ line 109, column 21
[WARNING] 
[WARNING] It is highly recommended to fix these problems because they threaten the stability of your build.
[WARNING] 
[WARNING] For this reason, future Maven versions might no longer support building such malformed projects.
[WARNING] 
[INFO]                                                                         
[INFO] ------------------------------------------------------------------------
[INFO] Building tms-manager 0.0.1
[INFO] ------------------------------------------------------------------------
[INFO] 
[INFO] --- maven-clean-plugin:2.4.1:clean (default-clean) @ tms-manager ---
[INFO] Deleting D:\hxshop\trunk\家品会2.1管理\10_SRC\tms\tms-manager\target
[INFO] 
[INFO] --- maven-resources-plugin:2.5:resources (default-resources) @ tms-manager ---
[debug] execute contextualize
[INFO] Using 'UTF-8' encoding to copy filtered resources.
[INFO] Copying 12 resources
[INFO] 
[INFO] --- maven-compiler-plugin:2.3.2:compile (default-compile) @ tms-manager ---
[INFO] Compiling 14 source files to D:\hxshop\trunk\家品会2.1管理\10_SRC\tms\tms-manager\target\classes
[INFO] 
[INFO] --- maven-resources-plugin:2.5:testResources (default-testResources) @ tms-manager ---
[debug] execute contextualize
[INFO] Using 'UTF-8' encoding to copy filtered resources.
[INFO] Copying 0 resource
[INFO] 
[INFO] --- maven-compiler-plugin:2.3.2:testCompile (default-testCompile) @ tms-manager ---
[INFO] Nothing to compile - all classes are up to date
[INFO] 
[INFO] --- maven-surefire-plugin:2.13:test (default-test) @ tms-manager ---
[INFO] Tests are skipped.
[INFO] 
[INFO] --- maven-jar-plugin:2.3.2:jar (default-jar) @ tms-manager ---
[INFO] Building jar: D:\hxshop\trunk\家品会2.1管理\10_SRC\tms\tms-manager\target\tms-manager.jar
[INFO] 
[INFO] >>> maven-source-plugin:2.2.1:jar (default) @ tms-manager >>>
[INFO] 
[INFO] <<< maven-source-plugin:2.2.1:jar (default) @ tms-manager <<<
[INFO] 
[INFO] --- maven-source-plugin:2.2.1:jar (default) @ tms-manager ---
[INFO] Building jar: D:\hxshop\trunk\家品会2.1管理\10_SRC\tms\tms-manager\target\tms-manager-sources.jar
[INFO] 
[INFO] --- maven-install-plugin:2.3.1:install (default-install) @ tms-manager ---
[INFO] Installing D:\hxshop\trunk\家品会2.1管理\10_SRC\tms\tms-manager\target\tms-manager.jar to D:\eclipse\maven3\repo\com\tms\tms-manager\0.0.1\tms-manager-0.0.1.jar
[INFO] Installing D:\hxshop\trunk\家品会2.1管理\10_SRC\tms\tms-manager\pom.xml to D:\eclipse\maven3\repo\com\tms\tms-manager\0.0.1\tms-manager-0.0.1.pom
[INFO] Installing D:\hxshop\trunk\家品会2.1管理\10_SRC\tms\tms-manager\target\tms-manager-sources.jar to D:\eclipse\maven3\repo\com\tms\tms-manager\0.0.1\tms-manager-0.0.1-sources.jar
[INFO] 
[INFO] --- maven-compiler-plugin:2.3.2:compile (default-cli) @ tms-manager ---
[INFO] Nothing to compile - all classes are up to date
[INFO] 
[INFO] --- maven-resources-plugin:2.5:resources (default-resources) @ tms-manager ---
[debug] execute contextualize
[INFO] Using 'UTF-8' encoding to copy filtered resources.
[INFO] Copying 12 resources
[INFO] 
[INFO] --- maven-compiler-plugin:2.3.2:compile (default-compile) @ tms-manager ---
[INFO] Nothing to compile - all classes are up to date
[INFO] 
[INFO] --- maven-resources-plugin:2.5:testResources (default-testResources) @ tms-manager ---
[debug] execute contextualize
[INFO] Using 'UTF-8' encoding to copy filtered resources.
[INFO] Copying 0 resource
[INFO] 
[INFO] --- maven-compiler-plugin:2.3.2:testCompile (default-testCompile) @ tms-manager ---
[INFO] Nothing to compile - all classes are up to date
[INFO] 
[INFO] --- maven-surefire-plugin:2.13:test (default-test) @ tms-manager ---
[INFO] Tests are skipped.
[INFO] 
[INFO] --- maven-jar-plugin:2.3.2:jar (default-jar) @ tms-manager ---
[INFO] 
[INFO] >>> maven-source-plugin:2.2.1:jar (default) @ tms-manager >>>
[INFO] 
[INFO] <<< maven-source-plugin:2.2.1:jar (default) @ tms-manager <<<
[INFO] 
[INFO] --- maven-source-plugin:2.2.1:jar (default) @ tms-manager ---
[WARNING] Artifact com.tms:tms-manager:java-source:sources:0.0.1 already attached to project, ignoring duplicate
[INFO] ------------------------------------------------------------------------
[INFO] BUILD SUCCESS
[INFO] ------------------------------------------------------------------------
[INFO] Total time: 6.615s
[INFO] Finished at: Mon Apr 28 11:21:31 CST 2014
[INFO] Final Memory: 16M/38M
[INFO] ------------------------------------------------------------------------
